<?xml version="1.0" encoding="UTF-8"?>
<!-- Generated by org.testng.reporters.JUnitReportReporter -->
<testsuite hostname="LAPTOP-N6GTKC9B" failures="0" tests="1" name="com.testScripts.LoginTo_Demo_Web_Shop" time="9.742" errors="0" timestamp="2024-01-16T18:04:52 IST" skipped="0">
  <testcase classname="com.testScripts.LoginTo_Demo_Web_Shop" name="loginDWS" time="9.742"/>
  <system-out>
    <![CDATA[Welcome page should display
Home Page should display]]>
  </system-out>
</testsuite> <!-- com.testScripts.LoginTo_Demo_Web_Shop -->
