<?xml version="1.0" encoding="UTF-8"?>
<!-- Generated by org.testng.reporters.JUnitReportReporter -->
<testsuite hostname="LAPTOP-N6GTKC9B" failures="0" tests="1" name="com.generic_Library.File_Utility" time="0.016" errors="0" timestamp="2024-01-18T22:38:02 IST" skipped="0">
  <testcase classname="com.generic_Library.File_Utility" name="loginTest" time="0.016"/>
  <system-out/>
</testsuite> <!-- com.generic_Library.File_Utility -->
