<?xml version="1.0" encoding="UTF-8"?>
<!-- Generated by org.testng.reporters.JUnitReportReporter -->
<testsuite hostname="LAPTOP-N6GTKC9B" failures="0" tests="3" name="com.learning_TestNG.First_TestNG_Class" time="0.020" errors="0" timestamp="2024-01-09T16:36:10 IST" skipped="0">
  <testcase classname="com.learning_TestNG.First_TestNG_Class" name="loginTC" time="0.002"/>
  <system-out>
    <![CDATA[This login Test Case1]]>
  </system-out>
  <testcase classname="com.learning_TestNG.First_TestNG_Class" name="loginRC" time="0.016"/>
  <system-out>
    <![CDATA[This login Test Case2]]>
  </system-out>
  <testcase classname="com.learning_TestNG.First_TestNG_Class" name="loginSC" time="0.002"/>
  <system-out>
    <![CDATA[This login Test Case3]]>
  </system-out>
</testsuite> <!-- com.learning_TestNG.First_TestNG_Class -->
