<?xml version="1.0" encoding="UTF-8"?>
<!-- Generated by org.testng.reporters.JUnitReportReporter -->
<testsuite hostname="LAPTOP-N6GTKC9B" failures="0" tests="1" name="com.testScripts.TC001_Search_Test" time="10.989" errors="0" timestamp="2024-01-24T00:18:17 IST" skipped="0">
  <testcase classname="com.testScripts.TC001_Search_Test" name="searchTest" time="10.989"/>
  <system-out/>
</testsuite> <!-- com.testScripts.TC001_Search_Test -->
