<?xml version="1.0" encoding="UTF-8"?>
<!-- Generated by org.testng.reporters.JUnitReportReporter -->
<testsuite hostname="LAPTOP-N6GTKC9B" failures="0" tests="1" name="com.learning_TestNG.Learning_Excel_File" time="8.869" errors="0" timestamp="2024-01-25T16:27:44 IST" skipped="0">
  <testcase classname="com.learning_TestNG.Learning_Excel_File" name="resisterTest" time="8.869"/>
  <system-out/>
</testsuite> <!-- com.learning_TestNG.Learning_Excel_File -->
