<?xml version="1.0" encoding="UTF-8"?>
<!-- Generated by org.testng.reporters.JUnitReportReporter -->
<testsuite hostname="LAPTOP-N6GTKC9B" failures="0" tests="3" name="com.learning_TestNG.Learning_Enabled_Attribute" time="19.191" errors="0" timestamp="2024-01-09T18:02:01 IST" skipped="1">
  <testcase classname="com.learning_TestNG.Learning_Enabled_Attribute" name="loginTest" time="12.135"/>
  <system-out/>
  <testcase classname="com.learning_TestNG.Learning_Enabled_Attribute" name="searchTest" time="7.056"/>
  <system-out/>
  <testcase classname="com.learning_TestNG.Learning_Enabled_Attribute" name="resisterTest">
    <skipped/>
  </testcase> <!-- resisterTest -->
  <system-out/>
</testsuite> <!-- com.learning_TestNG.Learning_Enabled_Attribute -->
