<?xml version="1.0" encoding="UTF-8"?>
<!-- Generated by org.testng.reporters.JUnitReportReporter -->
<testsuite hostname="LAPTOP-N6GTKC9B" failures="0" tests="1" name="com.learning_TestNG.Learning_Properties_File" time="8.837" errors="0" timestamp="2024-01-22T00:28:59 IST" skipped="0">
  <testcase classname="com.learning_TestNG.Learning_Properties_File" name="loginTest" time="8.837"/>
  <system-out/>
</testsuite> <!-- com.learning_TestNG.Learning_Properties_File -->
