<?xml version="1.0" encoding="UTF-8"?>
<!-- Generated by org.testng.reporters.JUnitReportReporter -->
<testsuite hostname="LAPTOP-N6GTKC9B" failures="0" tests="3" name="com.learning_TestNG.Learning_Depends_On_Methods_Attribute" time="33.302" errors="0" timestamp="2024-01-09T17:47:37 IST" skipped="0">
  <testcase classname="com.learning_TestNG.Learning_Depends_On_Methods_Attribute" name="searchTest" time="8.774"/>
  <system-out/>
  <testcase classname="com.learning_TestNG.Learning_Depends_On_Methods_Attribute" name="loginTest" time="10.947"/>
  <system-out/>
  <testcase classname="com.learning_TestNG.Learning_Depends_On_Methods_Attribute" name="resisterTest" time="13.581"/>
  <system-out/>
</testsuite> <!-- com.learning_TestNG.Learning_Depends_On_Methods_Attribute -->
