<?xml version="1.0" encoding="UTF-8"?>
<!-- Generated by org.testng.reporters.JUnitReportReporter -->
<testsuite hostname="LAPTOP-N6GTKC9B" failures="0" tests="1" name="com.testScripts.TC003_RemoveFromCart_Test" time="10.895" errors="0" timestamp="2024-01-16T17:35:01 IST" skipped="0">
  <testcase classname="com.testScripts.TC003_RemoveFromCart_Test" name="removeCart" time="10.895"/>
  <system-out/>
</testsuite> <!-- com.testScripts.TC003_RemoveFromCart_Test -->
