<?xml version="1.0" encoding="UTF-8"?>
<!-- Generated by org.testng.reporters.JUnitReportReporter -->
<testsuite hostname="LAPTOP-N6GTKC9B" failures="0" tests="1" name="com.learning_TestNG.Learning_Invocation_Time_out_Atrribute" time="16.650" errors="0" timestamp="2024-01-09T18:30:06 IST" skipped="0">
  <testcase classname="com.learning_TestNG.Learning_Invocation_Time_out_Atrribute" name="loginTest" time="16.650"/>
  <system-out/>
</testsuite> <!-- com.learning_TestNG.Learning_Invocation_Time_out_Atrribute -->
