<?xml version="1.0" encoding="UTF-8"?>
<!-- Generated by org.testng.reporters.JUnitReportReporter -->
<testsuite hostname="LAPTOP-N6GTKC9B" failures="0" tests="4" name="com.learning_TestNG.Learning_Multiple_Data_From_Excel" time="34.218" errors="0" timestamp="2024-01-22T17:43:34 IST" skipped="0">
  <testcase classname="com.learning_TestNG.Learning_Multiple_Data_From_Excel" name="loginTest" time="7.214"/>
  <system-out/>
  <testcase classname="com.learning_TestNG.Learning_Multiple_Data_From_Excel" name="loginTest" time="7.313"/>
  <system-out/>
  <testcase classname="com.learning_TestNG.Learning_Multiple_Data_From_Excel" name="loginTest" time="11.515"/>
  <system-out/>
  <testcase classname="com.learning_TestNG.Learning_Multiple_Data_From_Excel" name="loginTest" time="8.176"/>
  <system-out/>
</testsuite> <!-- com.learning_TestNG.Learning_Multiple_Data_From_Excel -->
