<?xml version="1.0" encoding="UTF-8"?>
<!-- Generated by org.testng.reporters.JUnitReportReporter -->
<testsuite hostname="LAPTOP-N6GTKC9B" failures="0" tests="2" name="com.learning_TestNG.Learning_Configuration_Annotation" time="0.016" errors="0" timestamp="2024-01-16T10:52:37 IST" skipped="0">
  <testcase classname="com.learning_TestNG.Learning_Configuration_Annotation" name="resister" time="0.002"/>
  <system-out>
    <![CDATA[Executing Resister Test case]]>
  </system-out>
  <testcase classname="com.learning_TestNG.Learning_Configuration_Annotation" name="login" time="0.014"/>
  <system-out>
    <![CDATA[Executing login Test Case]]>
  </system-out>
</testsuite> <!-- com.learning_TestNG.Learning_Configuration_Annotation -->
