<?xml version="1.0" encoding="UTF-8"?>
<!-- Generated by org.testng.reporters.JUnitReportReporter -->
<testsuite hostname="LAPTOP-N6GTKC9B" failures="0" tests="2" name="com.learning_TestNG.Learning_Priority_Attribute" time="20.850" errors="0" timestamp="2024-01-09T17:24:06 IST" skipped="0">
  <testcase classname="com.learning_TestNG.Learning_Priority_Attribute" name="resisterTest" time="12.195"/>
  <system-out/>
  <testcase classname="com.learning_TestNG.Learning_Priority_Attribute" name="loginTest" time="8.655"/>
  <system-out/>
</testsuite> <!-- com.learning_TestNG.Learning_Priority_Attribute -->
